[debug] [2018-12-17T09:34:53.545Z] ----------------------------------------------------------------------
[debug] [2018-12-17T09:34:53.547Z] Command:       C:\Program Files\nodejs\node.exe C:\Users\asus\AppData\Roaming\npm\node_modules\firebase-tools\lib\bin\firebase.js serve
[debug] [2018-12-17T09:34:53.548Z] CLI Version:   6.1.2
[debug] [2018-12-17T09:34:53.548Z] Platform:      win32
[debug] [2018-12-17T09:34:53.548Z] Node Version:  v10.13.0
[debug] [2018-12-17T09:34:53.549Z] Time:          Mon Dec 17 2018 16:34:53 GMT+0700 (Indochina Time)
[debug] [2018-12-17T09:34:53.549Z] ----------------------------------------------------------------------
[debug] 
[debug] [2018-12-17T09:34:53.568Z] > command requires scopes: ["email","openid","https://www.googleapis.com/auth/cloudplatformprojects.readonly","https://www.googleapis.com/auth/firebase","https://www.googleapis.com/auth/cloud-platform"]
[debug] [2018-12-17T09:34:53.569Z] > authorizing via signed-in user
[debug] [2018-12-17T09:34:53.569Z] [iam] checking project projectcpe-2775c for permissions ["firebase.projects.get"]
[debug] [2018-12-17T09:34:53.572Z] >>> HTTP REQUEST POST https://cloudresourcemanager.googleapis.com/v1/projects/projectcpe-2775c:testIamPermissions  

[debug] [2018-12-17T09:34:55.024Z] <<< HTTP RESPONSE 200
[debug] [2018-12-17T09:34:55.025Z] >>> HTTP REQUEST GET https://cloudresourcemanager.googleapis.com/v1/projects/projectcpe-2775c  
 
[debug] [2018-12-17T09:34:56.346Z] <<< HTTP RESPONSE 200
[info] 
[info] === Serving from 'D:\Computer Engineering\Computer Engineering Project\front-end'...
[info] 
[info] i  functions: Preparing to emulate functions.
[debug] [2018-12-17T09:34:57.649Z] Fetching environment
[debug] [2018-12-17T09:34:57.652Z] >>> HTTP REQUEST GET https://mobilesdk-pa.googleapis.com/v1/projects/319109819604:getServerAppConfig  
 
[debug] [2018-12-17T09:34:57.653Z] >>> HTTP REQUEST GET https://mobilesdk-pa.googleapis.com/v1/projects/319109819604/clients/_:getWebAppConfig  
 
[debug] [2018-12-17T09:34:58.126Z] <<< HTTP RESPONSE 200
[debug] [2018-12-17T09:34:58.127Z] Starting @google-cloud/functions-emulator
[debug] [2018-12-17T09:34:58.198Z] <<< HTTP RESPONSE 200
[info] i  hosting: Serving hosting files from: public
[info] +  hosting: Local server: http://localhost:5000
[debug] [2018-12-17T09:35:00.166Z] Parsing function triggers
[info] i  functions: No HTTPS functions found. Use firebase functions:shell if you would like to emulate other types of functions.
